<?xml version="1.0" encoding="utf-8"?><testsuites name="pytest tests"><testsuite name="pytest" errors="0" failures="0" skipped="0" tests="26" time="67.909" timestamp="2026-04-19T05:25:05.601859+00:00" hostname="agent-env-6a3a1f4c-3a18-4cbc-93ec-e85f0a360d22"><testcase classname="tests.test_appointments.TestAppointments" name="test_get_slots" time="0.574" /><testcase classname="tests.test_appointments.TestAppointments" name="test_slots_without_auth" time="0.119" /><testcase classname="tests.test_appointments.TestAppointments" name="test_book_appointment" time="0.424" /><testcase classname="tests.test_appointments.TestAppointments" name="test_book_without_auth" time="0.138" /><testcase classname="tests.test_appointments.TestAppointments" name="test_list_appointments_after_booking" time="0.466" /><testcase classname="tests.test_appointments.TestAppointments" name="test_book_multiple_appointments" time="0.571" /><testcase classname="tests.test_auth.TestAuth" name="test_register_success" time="0.342" /><testcase classname="tests.test_auth.TestAuth" name="test_register_duplicate_email" time="0.370" /><testcase classname="tests.test_auth.TestAuth" name="test_register_invalid_password" time="0.158" /><testcase classname="tests.test_auth.TestAuth" name="test_login_success" time="0.656" /><testcase classname="tests.test_auth.TestAuth" name="test_login_invalid_credentials" time="0.105" /><testcase classname="tests.test_auth.TestAuth" name="test_me_with_token" time="0.429" /><testcase classname="tests.test_auth.TestAuth" name="test_me_without_token" time="0.107" /><testcase classname="tests.test_auth.TestAuth" name="test_me_with_invalid_token" time="0.141" /><testcase classname="tests.test_chat.TestChat" name="test_send_chat_message" time="7.987" /><testcase classname="tests.test_chat.TestChat" name="test_chat_without_auth" time="0.121" /><testcase classname="tests.test_chat.TestChat" name="test_chat_history_after_send" time="3.982" /><testcase classname="tests.test_chat.TestChat" name="test_chat_multi_turn_memory" time="6.720" /><testcase classname="tests.test_chat.TestChat" name="test_chat_empty_message" time="0.395" /><testcase classname="tests.test_scans.TestScans" name="test_create_scan_success" time="4.071" /><testcase classname="tests.test_scans.TestScans" name="test_create_scan_ai_analysis" time="4.065" /><testcase classname="tests.test_scans.TestScans" name="test_create_scan_no_face" time="3.904" /><testcase classname="tests.test_scans.TestScans" name="test_create_scan_without_auth" time="0.145" /><testcase classname="tests.test_scans.TestScans" name="test_latest_scan_after_create" time="3.864" /><testcase classname="tests.test_scans.TestScans" name="test_list_scans" time="6.988" /><testcase classname="tests.test_scans.TestScans" name="test_risk_label_logic" time="20.986" /></testsuite></testsuites>